3HCY_A
2EVE_A
2RFM_B
3HCY_B
3V1V_A
11AS_B
1RQ6_A
4LMO_A
3HCZ_A
2EVG_A
12AS_B
3V1Y_A
5CK4_B
2RFO_A
4LMP_A
3HD5_A
3HD5_C
155C_A
3V2A_R
5CK7_A
4LMR_B
5UNC_A
1RQ8_A
3HD6_A
3V2B_A
16PK_A
2EVN_A
5UNC_D
2RFQ_A
5CKL_A
6IOX_B
4LMS_A
4LMS_C
3V2G_A
3HD7_B
3HD7_E
1RQB_A
16VP_A
2RFR_A
5UND_A
2EVV_A
5UND_B
5CKM_A
2EVV_B
3V2H_A
1914_A
3HDB_A
6WN8_H
2RFV_A
5CKQ_A
6IOY_B
2EVX_A
1RQG_A
3V2I_A
4LMV_A
3HDC_A
6WN9_A
19HC_A
2EW0_A
5CKR_A
3V2L_A
1RQI_A
5UNG_B
3HDD_B
4LMW_A
1A02_F
1A02_J
2EW1_A
2RFW_D
5CKT_A
6IOZ_A
5UNI_A
5UNI_B
3HDE_B
1RQJ_B
3HDE_C
6WNG_D
3V2U_A
2EW2_B
6IP0_A
5CKW_A
3V2U_B
3HDF_A
5CKW_B
3HDF_B
5UNK_A
2RFY_A
3V2U_C
1RQP_C
2EW6_A
6WNH_A
4LMX_A
4LMX_G
6IP1_C
3HDG_D
6IP1_E
3V2Y_A
1A03_A
5UNL_C
6ORB_A
